\BOOKMARK [0][-]{chapter.1}{Bevezet\351s}{}% 1
\BOOKMARK [0][-]{chapter.2}{T\351ma elm\351leti kifejt\351se}{}% 2
\BOOKMARK [1][-]{section.2.1}{K\351tszem\351lyes teljes inform\341ci\363j\372 j\341t\351kok}{chapter.2}% 3
\BOOKMARK [1][-]{section.2.2}{A Nim j\341t\351k le\355r\341sa}{chapter.2}% 4
\BOOKMARK [1][-]{section.2.3}{A Nim j\341t\351k t\366rt\351nete}{chapter.2}% 5
\BOOKMARK [1][-]{section.2.4}{Ismertebb Nim vari\341ci\363k}{chapter.2}% 6
\BOOKMARK [2][-]{subsection.2.4.1}{Moore-Nim}{section.2.4}% 7
\BOOKMARK [2][-]{subsection.2.4.2}{P\363ker-Nim}{section.2.4}% 8
\BOOKMARK [2][-]{subsection.2.4.3}{Lasker-Nim}{section.2.4}% 9
\BOOKMARK [2][-]{subsection.2.4.4}{End-Nim}{section.2.4}% 10
\BOOKMARK [2][-]{subsection.2.4.5}{Fibonacci-Nim}{section.2.4}% 11
\BOOKMARK [2][-]{subsection.2.4.6}{Wythoff-Nim}{section.2.4}% 12
\BOOKMARK [2][-]{subsection.2.4.7}{End-Wythoff}{section.2.4}% 13
\BOOKMARK [2][-]{subsection.2.4.8}{Az oszt\363 j\341t\351k}{section.2.4}% 14
\BOOKMARK [2][-]{subsection.2.4.9}{A kivon\363 j\341t\351k}{section.2.4}% 15
\BOOKMARK [2][-]{subsection.2.4.10}{A 21 j\341t\351k}{section.2.4}% 16
\BOOKMARK [2][-]{subsection.2.4.11}{A 100 j\341t\351k}{section.2.4}% 17
\BOOKMARK [2][-]{subsection.2.4.12}{K\366rk\366r\366s Nim \(Kayles\)}{section.2.4}% 18
\BOOKMARK [2][-]{subsection.2.4.13}{Grundy j\341t\351ka}{section.2.4}% 19
\BOOKMARK [2][-]{subsection.2.4.14}{Moh\363 Nim}{section.2.4}% 20
\BOOKMARK [2][-]{subsection.2.4.15}{\311p\355to Nim}{section.2.4}% 21
\BOOKMARK [2][-]{subsection.2.4.16}{Northcott-sakk}{section.2.4}% 22
\BOOKMARK [1][-]{section.2.5}{A Nim j\341t\351k matematikai h\341ttere}{chapter.2}% 23
\BOOKMARK [1][-]{section.2.6}{Nyero strat\351gia}{chapter.2}% 24
\BOOKMARK [2][-]{subsection.2.6.1}{Nyero strat\351gia bizony\355t\341sa}{section.2.6}% 25
\BOOKMARK [0][-]{chapter.3}{Fejlesztoi dokument\341ci\363}{}% 26
\BOOKMARK [1][-]{section.3.1}{Programk\363d}{chapter.3}% 27
\BOOKMARK [0][-]{chapter.4}{\326sszefoglal\341s}{}% 28
\BOOKMARK [0][-]{chapter*.2}{Irodalomjegyz\351k}{}% 29
\BOOKMARK [0][-]{chapter*.3}{Adathordoz\363 haszn\341lati \372tmutat\363}{}% 30
